

times in msec
 clock   self+sourced   self:  sourced script
 clock   elapsed:              other lines

000.018  000.018: --- NVIM STARTING ---
000.610  000.593: locale set
001.295  000.684: inits 1
001.327  000.033: window checked
001.332  000.005: parsing arguments
001.421  000.088: expanding arguments
001.496  000.076: inits 2
002.615  001.119: init highlight
002.617  000.002: waiting for UI
003.747  001.130: done waiting for UI
003.787  000.039: initialized screen early for UI
004.040  000.030  000.030: sourcing /usr/share/nvim/archlinux.vim
004.051  000.086  000.056: sourcing /etc/xdg//nvim/sysinit.vim
036.047  032.174: sourcing vimrc file(s)
050.049  000.018  000.018: sourcing /home/brian/.config/nvim/ftdetect/cfg.vim
050.088  000.018  000.018: sourcing /home/brian/.config/nvim/ftdetect/conf.vim
050.130  000.026  000.026: sourcing /home/brian/.config/nvim/ftdetect/csv.vim
050.189  000.043  000.043: sourcing /home/brian/.config/nvim/ftdetect/dosini.vim
050.227  000.021  000.021: sourcing /home/brian/.config/nvim/ftdetect/dunstrc.vim
050.259  000.018  000.018: sourcing /home/brian/.config/nvim/ftdetect/fennel.vim
050.295  000.020  000.020: sourcing /home/brian/.config/nvim/ftdetect/lalrpop.vim
050.325  000.015  000.015: sourcing /home/brian/.config/nvim/ftdetect/lua.vim
050.358  000.019  000.019: sourcing /home/brian/.config/nvim/ftdetect/markdown.vim
050.396  000.017  000.017: sourcing /home/brian/.config/nvim/ftdetect/rasi.vim
050.431  000.020  000.020: sourcing /home/brian/.config/nvim/ftdetect/sxhkdrc.vim
050.460  000.015  000.015: sourcing /home/brian/.config/nvim/ftdetect/teal.vim
050.491  000.014  000.014: sourcing /home/brian/.config/nvim/ftdetect/tex.vim
050.521  000.015  000.015: sourcing /home/brian/.config/nvim/ftdetect/toml.vim
050.553  000.016  000.016: sourcing /home/brian/.config/nvim/ftdetect/yaml.vim
050.709  000.018  000.018: sourcing /usr/share/vim/vimfiles/ftdetect/PKGBUILD.vim
050.758  000.032  000.032: sourcing /usr/share/vim/vimfiles/ftdetect/meson.vim
051.231  000.017  000.017: sourcing /home/brian/.local/share/nvim/site/pack/packer/start/lalrpop.vim/ftdetect/lalrpop.vim
051.273  000.024  000.024: sourcing /home/brian/.local/share/nvim/site/pack/packer/start/nvim-treesitter/ftdetect/query.vim
051.302  000.014  000.014: sourcing /home/brian/.local/share/nvim/site/pack/packer/start/pest.vim/ftdetect/pest.vim
051.329  000.012  000.012: sourcing /home/brian/.local/share/nvim/site/pack/packer/start/vim-fugitive/ftdetect/fugitive.vim
051.508  015.364  014.954: sourcing /usr/share/nvim/runtime/filetype.vim
051.894  000.040  000.040: sourcing /usr/share/nvim/runtime/ftplugin.vim
052.272  000.035  000.035: sourcing /usr/share/nvim/runtime/indent.vim
052.971  000.263  000.263: sourcing /usr/share/nvim/runtime/syntax/syncolor.vim
053.375  000.723  000.460: sourcing /usr/share/nvim/runtime/syntax/synload.vim
053.465  000.871  000.149: sourcing /usr/share/nvim/runtime/syntax/syntax.vim
055.909  000.120  000.120: sourcing /home/brian/.config/nvim/plugin/autocommands.vim
055.951  000.027  000.027: sourcing /home/brian/.config/nvim/plugin/mappings/command.vim
055.987  000.024  000.024: sourcing /home/brian/.config/nvim/plugin/mappings/insert.vim
056.166  000.169  000.169: sourcing /home/brian/.config/nvim/plugin/mappings/leader.vim
056.352  000.170  000.170: sourcing /home/brian/.config/nvim/plugin/mappings/normal.vim
056.380  000.014  000.014: sourcing /home/brian/.config/nvim/plugin/mappings/visual.vim
057.216  000.028  000.028: sourcing /home/brian/.local/share/nvim/site/pack/packer/opt/haskell-vim/ftdetect/haskell.vim
094.284  000.209  000.209: sourcing /usr/share/nvim/runtime/syntax/syncolor.vim
095.646  000.156  000.156: sourcing /usr/share/nvim/runtime/syntax/syncolor.vim
107.368  013.938  013.573: sourcing /home/brian/.local/share/nvim/site/pack/packer/start/gruvbox/colors/gruvbox.vim
108.744  000.351  000.351: sourcing /usr/share/nvim/runtime/syntax/syncolor.vim
110.767  000.348  000.348: sourcing /usr/share/nvim/runtime/syntax/syncolor.vim
121.903  014.318  013.619: sourcing /home/brian/.local/share/nvim/site/pack/packer/start/gruvbox/colors/gruvbox.vim
147.904  000.029  000.029: sourcing /home/brian/.local/share/nvim/site/pack/packer/opt/vimtex/ftdetect/tex.vim
147.923  091.528  063.215: sourcing /home/brian/.config/nvim/plugin/packer_compiled.vim
148.654  000.715  000.715: sourcing /home/brian/.config/nvim/plugin/settings.vim
148.945  000.020  000.020: sourcing /usr/share/nvim/runtime/plugin/gzip.vim
148.972  000.013  000.013: sourcing /usr/share/nvim/runtime/plugin/health.vim
149.068  000.083  000.083: sourcing /usr/share/nvim/runtime/plugin/man.vim
149.823  000.249  000.249: sourcing /usr/share/nvim/runtime/pack/dist/opt/matchit/plugin/matchit.vim
149.876  000.791  000.543: sourcing /usr/share/nvim/runtime/plugin/matchit.vim
150.055  000.164  000.164: sourcing /usr/share/nvim/runtime/plugin/matchparen.vim
150.093  000.022  000.022: sourcing /usr/share/nvim/runtime/plugin/netrwPlugin.vim
150.510  000.036  000.036: sourcing /home/brian/.local/share/nvim/site/pack/packer/start/nvim-treesitter/autoload/nvim_treesitter.vim
150.821  000.012  000.012: sourcing /home/brian/.local/share/nvim/rplugin.vim
150.829  000.720  000.671: sourcing /usr/share/nvim/runtime/plugin/rplugin.vim
150.956  000.115  000.115: sourcing /usr/share/nvim/runtime/plugin/shada.vim
151.016  000.034  000.034: sourcing /usr/share/nvim/runtime/plugin/spellfile.vim
151.079  000.030  000.030: sourcing /usr/share/nvim/runtime/plugin/tarPlugin.vim
151.112  000.013  000.013: sourcing /usr/share/nvim/runtime/plugin/tohtml.vim
151.150  000.023  000.023: sourcing /usr/share/nvim/runtime/plugin/tutor.vim
151.187  000.021  000.021: sourcing /usr/share/nvim/runtime/plugin/zipPlugin.vim
151.916  000.647  000.647: sourcing /usr/share/vim/vimfiles/plugin/fzf.vim
152.543  000.602  000.602: sourcing /usr/share/vim/vimfiles/plugin/skim.vim
152.549  004.126: loading plugins
153.021  000.025  000.025: sourcing /home/brian/.local/share/nvim/site/pack/packer/start/aniseed/plugin/aniseed.vim
153.465  000.373  000.373: sourcing /home/brian/.local/share/nvim/site/pack/packer/start/auto-pairs/plugin/auto-pairs.vim
153.641  000.060  000.060: sourcing /home/brian/.local/share/nvim/site/pack/packer/start/firenvim/plugin/firenvim.vim
153.735  000.019  000.019: sourcing /home/brian/.local/share/nvim/site/pack/packer/start/fzf/plugin/fzf.vim
154.616  000.814  000.814: sourcing /home/brian/.local/share/nvim/site/pack/packer/start/fzf.vim/plugin/fzf.vim
154.829  000.130  000.130: sourcing /home/brian/.local/share/nvim/site/pack/packer/start/galaxyline.nvim/plugin/galaxyline.vim
154.972  000.014  000.014: sourcing /home/brian/.local/share/nvim/site/pack/packer/start/lalrpop.vim/ftdetect/lalrpop.vim
167.460  012.430  012.430: sourcing /home/brian/.local/share/nvim/site/pack/packer/start/neogit/plugin/neogit.vim
168.587  001.008  001.008: sourcing /home/brian/.local/share/nvim/site/pack/packer/start/nlua.nvim/plugin/nlua.vim
168.702  000.036  000.036: sourcing /home/brian/.local/share/nvim/site/pack/packer/start/nvim-colorizer.lua/plugin/colorizer.vim
168.911  000.137  000.137: sourcing /home/brian/.local/share/nvim/site/pack/packer/start/nvim-compe/plugin/compe.vim
169.096  000.080  000.080: sourcing /home/brian/.local/share/nvim/site/pack/packer/start/nvim-lspconfig/plugin/lspconfig.vim
170.201  000.993  000.993: sourcing /home/brian/.local/share/nvim/site/pack/packer/start/nvim-treesitter/plugin/nvim-treesitter.vim
170.281  000.023  000.023: sourcing /home/brian/.local/share/nvim/site/pack/packer/start/nvim-treesitter/ftdetect/query.vim
170.904  000.552  000.552: sourcing /home/brian/.local/share/nvim/site/pack/packer/start/nvim-treesitter-refactor/plugin/nvim-treesitter-refactor.vim
173.752  002.750  002.750: sourcing /home/brian/.local/share/nvim/site/pack/packer/start/nvim-treesitter-textobjects/plugin/nvim-treesitter-textobjects.vim
173.883  000.044  000.044: sourcing /home/brian/.local/share/nvim/site/pack/packer/start/nvim-web-devicons/plugin/nvim-web-devicons.vim
173.967  000.014  000.014: sourcing /home/brian/.local/share/nvim/site/pack/packer/start/pest.vim/ftdetect/pest.vim
176.634  002.578  002.578: sourcing /home/brian/.local/share/nvim/site/pack/packer/start/plenary.nvim/plugin/plenary.vim
177.064  000.267  000.267: sourcing /home/brian/.local/share/nvim/site/pack/packer/start/targets.vim/plugin/targets.vim
177.720  000.506  000.506: sourcing /home/brian/.local/share/nvim/site/pack/packer/start/telescope.nvim/plugin/telescope.vim
177.888  000.087  000.087: sourcing /home/brian/.local/share/nvim/site/pack/packer/start/termwrapper.nvim/plugin/termwrapper.vim
178.125  000.134  000.134: sourcing /home/brian/.local/share/nvim/site/pack/packer/start/vim-commentary/plugin/commentary.vim
178.507  000.304  000.304: sourcing /home/brian/.local/share/nvim/site/pack/packer/start/vim-floaterm/plugin/floaterm.vim
180.328  001.737  001.737: sourcing /home/brian/.local/share/nvim/site/pack/packer/start/vim-fugitive/plugin/fugitive.vim
180.402  000.016  000.016: sourcing /home/brian/.local/share/nvim/site/pack/packer/start/vim-fugitive/ftdetect/fugitive.vim
181.005  000.507  000.507: sourcing /home/brian/.local/share/nvim/site/pack/packer/start/vim-surround/plugin/surround.vim
181.426  000.135  000.135: sourcing /home/brian/.local/share/nvim/site/pack/packer/start/vim-test/autoload/test.vim
182.684  001.583  001.447: sourcing /home/brian/.local/share/nvim/site/pack/packer/start/vim-test/plugin/test.vim
183.214  000.436  000.436: sourcing /home/brian/.local/share/nvim/site/pack/packer/start/vim-vsnip/plugin/vsnip.vim
183.346  003.140: loading packages
185.046  001.273  001.273: sourcing /home/brian/.local/share/nvim/site/pack/packer/start/nvim-compe/after/plugin/compe_buffer.vim
185.876  000.810  000.810: sourcing /home/brian/.local/share/nvim/site/pack/packer/start/nvim-compe/after/plugin/compe_calc.vim
186.683  000.788  000.788: sourcing /home/brian/.local/share/nvim/site/pack/packer/start/nvim-compe/after/plugin/compe_emoji.vim
188.438  001.734  001.734: sourcing /home/brian/.local/share/nvim/site/pack/packer/start/nvim-compe/after/plugin/compe_luasnip.vim
189.530  001.069  001.069: sourcing /home/brian/.local/share/nvim/site/pack/packer/start/nvim-compe/after/plugin/compe_nvim_lsp.vim
190.409  000.860  000.860: sourcing /home/brian/.local/share/nvim/site/pack/packer/start/nvim-compe/after/plugin/compe_nvim_lua.vim
191.350  000.917  000.917: sourcing /home/brian/.local/share/nvim/site/pack/packer/start/nvim-compe/after/plugin/compe_omni.vim
192.279  000.900  000.900: sourcing /home/brian/.local/share/nvim/site/pack/packer/start/nvim-compe/after/plugin/compe_path.vim
194.023  001.722  001.722: sourcing /home/brian/.local/share/nvim/site/pack/packer/start/nvim-compe/after/plugin/compe_snippets_nvim.vim
194.817  000.772  000.772: sourcing /home/brian/.local/share/nvim/site/pack/packer/start/nvim-compe/after/plugin/compe_spell.vim
195.616  000.778  000.778: sourcing /home/brian/.local/share/nvim/site/pack/packer/start/nvim-compe/after/plugin/compe_tags.vim
196.838  001.203  001.203: sourcing /home/brian/.local/share/nvim/site/pack/packer/start/nvim-compe/after/plugin/compe_treesitter.vim
196.887  000.028  000.028: sourcing /home/brian/.local/share/nvim/site/pack/packer/start/nvim-compe/after/plugin/compe_ultisnips.vim
196.935  000.027  000.027: sourcing /home/brian/.local/share/nvim/site/pack/packer/start/nvim-compe/after/plugin/compe_vim_lsc.vim
196.992  000.030  000.030: sourcing /home/brian/.local/share/nvim/site/pack/packer/start/nvim-compe/after/plugin/compe_vim_lsp.vim
197.997  000.987  000.987: sourcing /home/brian/.local/share/nvim/site/pack/packer/start/nvim-compe/after/plugin/compe_vsnip.vim
198.129  000.885: loading after plugins
198.148  000.020: inits 3
202.206  004.058: reading ShaDa
202.453  000.247: opening buffers
203.777  001.324: BufEnter autocommands
203.781  000.004: editing files in windows
203.796  000.015: VimEnter autocommands
204.412  000.374  000.374: sourcing /home/brian/.local/share/nvim/site/pack/packer/start/firenvim/autoload/firenvim.vim
204.441  000.271: UIEnter autocommands
204.949  000.233  000.233: sourcing /usr/share/nvim/runtime/autoload/provider/clipboard.vim
204.955  000.281: before starting main loop
205.903  000.948: first screen update
205.906  000.003: --- NVIM STARTED ---
